Removed Pin From Net: NetName=GND Pin=RPOT?-1
Removed Member From Class: ClassName=AdapterBoard Member=OpAmp?
Removed Member From Class: ClassName=AdapterBoard Member=PresAmp?
Removed Member From Class: ClassName=AdapterBoard Member=Q?
Removed Member From Class: ClassName=AdapterBoard Member=R?
Removed Member From Class: ClassName=AdapterBoard Member=RPOT?
Added Component: Designator=Current Source(TO-92A)
Add component. Clean all parameters for all variants
Add component (AddParameter): Name = "ComponentLink1Description"; Value = "Manufacturer Link"; VariantName = "[No Variations]"
Add component (AddParameter): Name = "ComponentLink1URL"; Value = "http://www.fairchildsemi.com/"; VariantName = "[No Variations]"
Add component (AddParameter): Name = "ComponentLink2Description"; Value = "Datasheet"; VariantName = "[No Variations]"
Add component (AddParameter): Name = "ComponentLink2URL"; Value = "http://www.fairchildsemi.com/ds/2N%2F2N3904.pdf"; VariantName = "[No Variations]"
Add component (AddParameter): Name = "DatasheetVersion"; Value = "1997"; VariantName = "[No Variations]"
Add component (AddParameter): Name = "LatestRevisionDate"; Value = "15-Jan-2003"; VariantName = "[No Variations]"
Add component (AddParameter): Name = "LatestRevisionNote"; Value = "PCB Footprint 'BCY-W3/D4.7' replaced"; VariantName = "[No Variations]"
Add component (AddParameter): Name = "PackageDescription"; Value = "TO, Flat Index; 3 In-Line, Axial Leads; Body Dia. 4.5mm; Leads 0.51 x 0.48 mm (max)"; VariantName = "[No Variations]"
Add component (AddParameter): Name = "PackageReference"; Value = "TO-92A"; VariantName = "[No Variations]"
Add component (AddParameter): Name = "PackageVersion"; Value = "Sep-1998"; VariantName = "[No Variations]"
Add component (AddParameter): Name = "Published"; Value = "8-Jun-2000"; VariantName = "[No Variations]"
Add component (AddParameter): Name = "Publisher"; Value = "Altium Limited"; VariantName = "[No Variations]"
Added Component: Designator=Docking(Pressure Connector)
Add component. Clean all parameters for all variants
Added Component: Designator=R5(AXIAL-0.3)
Add component. Clean all parameters for all variants
Add component (AddParameter): Name = "LatestRevisionDate"; Value = "17-Jul-2002"; VariantName = "[No Variations]"
Add component (AddParameter): Name = "LatestRevisionNote"; Value = "Re-released for DXP Platform."; VariantName = "[No Variations]"
Add component (AddParameter): Name = "PackageDescription"; Value = "Axial Device, Thru-Hole; 2 Leads; 0.3 in Pin Spacing"; VariantName = "[No Variations]"
Add component (AddParameter): Name = "PackageReference"; Value = "AXIAL-0.3"; VariantName = "[No Variations]"
Add component (AddParameter): Name = "Published"; Value = "8-Jun-2000"; VariantName = "[No Variations]"
Add component (AddParameter): Name = "Publisher"; Value = "Altium Limited"; VariantName = "[No Variations]"
Add component (AddParameter): Name = "Value"; Value = "2.8k"; VariantName = "[No Variations]"
Added Component: Designator=R6(AXIAL-0.3)
Add component. Clean all parameters for all variants
Add component (AddParameter): Name = "LatestRevisionDate"; Value = "17-Jul-2002"; VariantName = "[No Variations]"
Add component (AddParameter): Name = "LatestRevisionNote"; Value = "Re-released for DXP Platform."; VariantName = "[No Variations]"
Add component (AddParameter): Name = "PackageDescription"; Value = "Axial Device, Thru-Hole; 2 Leads; 0.3 in Pin Spacing"; VariantName = "[No Variations]"
Add component (AddParameter): Name = "PackageReference"; Value = "AXIAL-0.3"; VariantName = "[No Variations]"
Add component (AddParameter): Name = "Published"; Value = "8-Jun-2000"; VariantName = "[No Variations]"
Add component (AddParameter): Name = "Publisher"; Value = "Altium Limited"; VariantName = "[No Variations]"
Add component (AddParameter): Name = "Value"; Value = "1k"; VariantName = "[No Variations]"
Added Pin To Net: NetName=GND Pin=Docking-4
Added Pin To Net: NetName=24V_2 Pin=PressSense-3
Added Pin To Net: NetName=DGND Pin=R5-1
Added Pin To Net: NetName=5V_TempSensors Pin=R6-2
Added Pin To Net: NetName=HallSensorA Pin=Docking-5
Added Net: Name=HallSensorA
Added Pin To Net: NetName=HallSensorB Pin=Docking-6
Added Net: Name=HallSensorB
Added Pin To Net: NetName=HallSensorVcc Pin=Docking-3
Added Net: Name=HallSensorVcc
Added Pin To Net: NetName=Motor+ Pin=Docking-1
Added Net: Name=Motor+
Added Pin To Net: NetName=Motor- Pin=Docking-2
Added Net: Name=Motor-
Added Pin To Net: NetName=NetCurrent Source_1 Pin=Current Source-1
Added Pin To Net: NetName=NetCurrent Source_1 Pin=R5-2
Added Net: Name=NetCurrent Source_1
Added Pin To Net: NetName=NetCurrent Source_2 Pin=Current Source-2
Added Pin To Net: NetName=NetCurrent Source_2 Pin=R6-1
Added Net: Name=NetCurrent Source_2
Added Pin To Net: NetName=NetCurrent Source_3 Pin=Current Source-3
Added Pin To Net: NetName=NetCurrent Source_3 Pin=PressSense-2
Added Net: Name=NetCurrent Source_3
Added Member To Class: ClassName=AdapterBoard Member=Component Current Source 2N3904
Added Member To Class: ClassName=AdapterBoard Member=Component Docking Docking 6 Pin molex
Added Member To Class: ClassName=AdapterBoard Member=Component R5 Resistor
Added Member To Class: ClassName=AdapterBoard Member=Component R6 Resistor
Added Room: Name=AdapterBoard
